2/1/2018 11:32:03 AM :: ==================================================
2/1/2018 11:32:03 AM :: -- HISTORY folder created in application folder
2/1/2018 11:32:03 AM :: -- -- app folder: C:\inetpub\wwwroot\Builders-Steel
2/1/2018 11:32:03 AM :: ==================================================
2/2/2018 6:38:35 AM :: -- File: C:\inetpub\wwwroot\Builders-Steel\22201863544.cmpmx
2/2/2018 6:38:35 AM :: ==================================================
2/2/2018 6:38:35 AM :: -- File name extracted: [22201863544.cmpmx]
2/2/2018 6:38:35 AM :: -- File parsed
2/2/2018 6:38:35 AM :: -- MSG SMTP SERVER: mail.kelcontech.com
2/2/2018 6:38:35 AM :: -- MSG SMTP PORT: 26
2/2/2018 6:38:35 AM :: -- MSG SMTP UN/PW: [ see source cmpmx file ]
2/2/2018 6:38:35 AM :: -- MSG FROM: noreply@builders-steel.com
2/2/2018 6:38:35 AM :: -- MSG TO: chris@kelcontech.com
2/2/2018 6:38:35 AM :: -- SUBJECT: Builders-Steel Website Visitor Comments
2/2/2018 6:38:35 AM :: -- LENGTH OF BODY: 419 characters
2/2/2018 6:38:36 AM :: -- All tests passed.  Send email to chris@kelcontech.com
2/2/2018 6:38:38 AM :: -- [22201863544.cmpmx] email moved to HISTORY
2/2/2018 6:38:38 AM :: ==================================================
2/2/2018 6:38:38 AM :: == Messages Found:1
2/2/2018 6:38:38 AM :: == Recipients: 1
2/2/2018 6:38:38 AM :: == Bad Addresses: 0
2/2/2018 6:38:38 AM :: ==================================================
2/2/2018 6:41:01 AM :: -- File: C:\inetpub\wwwroot\Builders-Steel\22201864049.cmpmx
2/2/2018 6:41:01 AM :: ==================================================
2/2/2018 6:41:01 AM :: -- File name extracted: [22201864049.cmpmx]
2/2/2018 6:41:01 AM :: -- File parsed
2/2/2018 6:41:01 AM :: -- MSG SMTP SERVER: mail.kelcontech.com
2/2/2018 6:41:01 AM :: -- MSG SMTP PORT: 26
2/2/2018 6:41:01 AM :: -- MSG SMTP UN/PW: [ see source cmpmx file ]
2/2/2018 6:41:01 AM :: -- MSG FROM: noreply@builders-steel.com
2/2/2018 6:41:01 AM :: -- MSG TO: chris@kelcontech.com
2/2/2018 6:41:01 AM :: -- MSG TO: pgowdy1@gmail.com
2/2/2018 6:41:01 AM :: -- SUBJECT: Builders-Steel Website Visitor Comments
2/2/2018 6:41:01 AM :: -- LENGTH OF BODY: 1250 characters
2/2/2018 6:41:01 AM :: -- All tests passed.  Send email to chris@kelcontech.com
2/2/2018 6:41:02 AM :: -- All tests passed.  Send email to pgowdy1@gmail.com
2/2/2018 6:41:04 AM :: -- [22201864049.cmpmx] email moved to HISTORY
2/2/2018 6:41:04 AM :: ==================================================
2/2/2018 6:41:04 AM :: == Messages Found:1
2/2/2018 6:41:04 AM :: == Recipients: 2
2/2/2018 6:41:04 AM :: == Bad Addresses: 0
2/2/2018 6:41:04 AM :: ==================================================
2/3/2018 12:16:01 PM :: -- File: C:\inetpub\wwwroot\Builders-Steel\232018121331.cmpmx
2/3/2018 12:16:01 PM :: ==================================================
2/3/2018 12:16:01 PM :: -- File name extracted: [232018121331.cmpmx]
2/3/2018 12:16:01 PM :: -- File parsed
2/3/2018 12:16:01 PM :: -- MSG SMTP SERVER: mail.kelcontech.com
2/3/2018 12:16:01 PM :: -- MSG SMTP PORT: 26
2/3/2018 12:16:01 PM :: -- MSG SMTP UN/PW: [ see source cmpmx file ]
2/3/2018 12:16:01 PM :: -- MSG FROM: noreply@builders-steel.com
2/3/2018 12:16:01 PM :: -- MSG TO: chris@kelcontech.com
2/3/2018 12:16:01 PM :: -- MSG TO: pgowdy1@gmail.com
2/3/2018 12:16:01 PM :: -- SUBJECT: Builders-Steel Website Visitor Comments
2/3/2018 12:16:01 PM :: -- LENGTH OF BODY: 517 characters
2/3/2018 12:16:01 PM :: -- All tests passed.  Send email to chris@kelcontech.com
2/3/2018 12:16:02 PM :: -- All tests passed.  Send email to pgowdy1@gmail.com
2/3/2018 12:16:03 PM :: -- [232018121331.cmpmx] email moved to HISTORY
2/3/2018 12:16:03 PM :: ==================================================
2/3/2018 12:16:03 PM :: == Messages Found:1
2/3/2018 12:16:03 PM :: == Recipients: 2
2/3/2018 12:16:03 PM :: == Bad Addresses: 0
2/3/2018 12:16:03 PM :: ==================================================
2/5/2018 6:46:01 PM :: -- File: C:\inetpub\wwwroot\Builders-Steel\25201864224.cmpmx
2/5/2018 6:46:01 PM :: ==================================================
2/5/2018 6:46:01 PM :: -- File name extracted: [25201864224.cmpmx]
2/5/2018 6:46:01 PM :: -- File parsed
2/5/2018 6:46:01 PM :: -- MSG SMTP SERVER: mail.kelcontech.com
2/5/2018 6:46:01 PM :: -- MSG SMTP PORT: 26
2/5/2018 6:46:01 PM :: -- MSG SMTP UN/PW: [ see source cmpmx file ]
2/5/2018 6:46:01 PM :: -- MSG FROM: noreply@builders-steel.com
2/5/2018 6:46:01 PM :: -- MSG TO: chris@kelcontech.com
2/5/2018 6:46:01 PM :: -- MSG TO: pgowdy1@gmail.com
2/5/2018 6:46:01 PM :: -- SUBJECT: Builders-Steel Website Visitor Comments
2/5/2018 6:46:01 PM :: -- LENGTH OF BODY: 220 characters
2/5/2018 6:46:01 PM :: -- All tests passed.  Send email to chris@kelcontech.com
2/5/2018 6:46:02 PM :: -- All tests passed.  Send email to pgowdy1@gmail.com
2/5/2018 6:46:06 PM :: -- [25201864224.cmpmx] email moved to HISTORY
2/5/2018 6:46:06 PM :: ==================================================
2/5/2018 6:46:06 PM :: == Messages Found:1
2/5/2018 6:46:06 PM :: == Recipients: 2
2/5/2018 6:46:06 PM :: == Bad Addresses: 0
2/5/2018 6:46:06 PM :: ==================================================
2/5/2018 6:51:01 PM :: -- File: C:\inetpub\wwwroot\Builders-Steel\25201864802.cmpmx
2/5/2018 6:51:01 PM :: ==================================================
2/5/2018 6:51:01 PM :: -- File name extracted: [25201864802.cmpmx]
2/5/2018 6:51:01 PM :: -- File parsed
2/5/2018 6:51:01 PM :: -- MSG SMTP SERVER: mail.kelcontech.com
2/5/2018 6:51:01 PM :: -- MSG SMTP PORT: 26
2/5/2018 6:51:01 PM :: -- MSG SMTP UN/PW: [ see source cmpmx file ]
2/5/2018 6:51:01 PM :: -- MSG FROM: noreply@builders-steel.com
2/5/2018 6:51:01 PM :: -- MSG TO: chris@kelcontech.com
2/5/2018 6:51:01 PM :: -- MSG TO: pgowdy1@gmail.com
2/5/2018 6:51:01 PM :: -- SUBJECT: Builders-Steel Website Visitor Comments
2/5/2018 6:51:01 PM :: -- LENGTH OF BODY: 222 characters
2/5/2018 6:51:01 PM :: -- All tests passed.  Send email to chris@kelcontech.com
2/5/2018 6:51:02 PM :: -- All tests passed.  Send email to pgowdy1@gmail.com
2/5/2018 6:51:04 PM :: -- [25201864802.cmpmx] email moved to HISTORY
2/5/2018 6:51:04 PM :: ==================================================
2/5/2018 6:51:04 PM :: == Messages Found:1
2/5/2018 6:51:04 PM :: == Recipients: 2
2/5/2018 6:51:04 PM :: == Bad Addresses: 0
2/5/2018 6:51:04 PM :: ==================================================
2/5/2018 7:06:01 PM :: -- File: C:\inetpub\wwwroot\Builders-Steel\25201870126.cmpmx
2/5/2018 7:06:01 PM :: ==================================================
2/5/2018 7:06:01 PM :: -- File name extracted: [25201870126.cmpmx]
2/5/2018 7:06:01 PM :: -- File parsed
2/5/2018 7:06:01 PM :: -- MSG SMTP SERVER: mail.kelcontech.com
2/5/2018 7:06:01 PM :: -- MSG SMTP PORT: 26
2/5/2018 7:06:01 PM :: -- MSG SMTP UN/PW: [ see source cmpmx file ]
2/5/2018 7:06:01 PM :: -- MSG FROM: noreply@builders-steel.com
2/5/2018 7:06:01 PM :: -- MSG TO: chris@kelcontech.com
2/5/2018 7:06:01 PM :: -- MSG TO: pgowdy1@gmail.com
2/5/2018 7:06:01 PM :: -- MSG TO: info@builders-steel.com
2/5/2018 7:06:01 PM :: -- SUBJECT: Builders-Steel Website Visitor Comments
2/5/2018 7:06:01 PM :: -- LENGTH OF BODY: 1589 characters
2/5/2018 7:06:01 PM :: -- All tests passed.  Send email to chris@kelcontech.com
2/5/2018 7:06:01 PM :: -- All tests passed.  Send email to pgowdy1@gmail.com
2/5/2018 7:06:03 PM :: -- All tests passed.  Send email to info@builders-steel.com
2/5/2018 7:06:04 PM :: -- [25201870126.cmpmx] email moved to HISTORY
2/5/2018 7:06:04 PM :: ==================================================
2/5/2018 7:06:04 PM :: == Messages Found:1
2/5/2018 7:06:04 PM :: == Recipients: 3
2/5/2018 7:06:04 PM :: == Bad Addresses: 0
2/5/2018 7:06:04 PM :: ==================================================
2/7/2018 2:21:01 PM :: -- File: C:\inetpub\wwwroot\Builders-Steel\27201821747.cmpmx
2/7/2018 2:21:01 PM :: ==================================================
2/7/2018 2:21:01 PM :: -- File name extracted: [27201821747.cmpmx]
2/7/2018 2:21:01 PM :: -- File parsed
2/7/2018 2:21:01 PM :: -- MSG SMTP SERVER: mail.kelcontech.com
2/7/2018 2:21:01 PM :: -- MSG SMTP PORT: 26
2/7/2018 2:21:01 PM :: -- MSG SMTP UN/PW: [ see source cmpmx file ]
2/7/2018 2:21:01 PM :: -- MSG FROM: noreply@builders-steel.com
2/7/2018 2:21:01 PM :: -- MSG TO: chris@kelcontech.com
2/7/2018 2:21:01 PM :: -- MSG TO: pgowdy1@gmail.com
2/7/2018 2:21:01 PM :: -- MSG TO: info@builders-steel.com
2/7/2018 2:21:01 PM :: -- SUBJECT: Builders-Steel Website Visitor Comments
2/7/2018 2:21:01 PM :: -- LENGTH OF BODY: 282 characters
2/7/2018 2:21:01 PM :: -- All tests passed.  Send email to chris@kelcontech.com
2/7/2018 2:21:02 PM :: -- All tests passed.  Send email to pgowdy1@gmail.com
2/7/2018 2:21:04 PM :: -- All tests passed.  Send email to info@builders-steel.com
2/7/2018 2:21:06 PM :: -- [27201821747.cmpmx] email moved to HISTORY
2/7/2018 2:21:06 PM :: ==================================================
2/7/2018 2:21:06 PM :: == Messages Found:1
2/7/2018 2:21:06 PM :: == Recipients: 3
2/7/2018 2:21:06 PM :: == Bad Addresses: 0
2/7/2018 2:21:06 PM :: ==================================================
